e:\git\opensuperresolution\osr\osr\release\osr.pch
e:\git\opensuperresolution\osr\osr\release\vc140.pdb
e:\git\opensuperresolution\osr\osr\release\pch.obj
e:\git\opensuperresolution\osr\osr\release\app.xaml.obj
e:\git\opensuperresolution\osr\osr\release\mainpage.xaml.obj
e:\git\opensuperresolution\osr\osr\release\xamltypeinfo.impl.g.obj
e:\git\opensuperresolution\osr\osr\release\xamltypeinfo.g.obj
e:\git\opensuperresolution\osr\osr\release\osr.tlog\osr.winmd.lastbuild
e:\git\opensuperresolution\osr\release\osr\osr.exe
e:\git\opensuperresolution\osr\release\osr\osr.ipdb
e:\git\opensuperresolution\osr\release\osr\osr.iobj
e:\git\opensuperresolution\osr\release\osr\osr.pdb
e:\git\opensuperresolution\osr\release\osr\osr.winmd
e:\git\opensuperresolution\osr\release\osr\osr.lib
e:\git\opensuperresolution\osr\release\osr\osr.exp
e:\git\opensuperresolution\osr\osr\release\osr.vcxprojresolveassemblyreference.cache
e:\git\opensuperresolution\osr\osr\release\ilc.osr.rsp
e:\git\opensuperresolution\osr\osr\release\priconfig.xml
e:\git\opensuperresolution\osr\osr\release\xamlsavestatefile.xml
e:\git\opensuperresolution\osr\osr\release\osr.tlog\cl.command.1.tlog
e:\git\opensuperresolution\osr\osr\release\osr.tlog\cl.read.1.tlog
e:\git\opensuperresolution\osr\osr\release\osr.tlog\cl.write.1.tlog
e:\git\opensuperresolution\osr\osr\release\osr.tlog\link.command.1.tlog
e:\git\opensuperresolution\osr\osr\release\osr.tlog\link.read.1.tlog
e:\git\opensuperresolution\osr\osr\release\osr.tlog\link.write.1.tlog
e:\git\opensuperresolution\osr\osr\release\osr.tlog\osr.read.1u.tlog
e:\git\opensuperresolution\osr\osr\release\osr.tlog\osr.write.1u.tlog
e:\git\opensuperresolution\osr\osr\generated files\app.g.h
e:\git\opensuperresolution\osr\osr\generated files\mainpage.g.h
e:\git\opensuperresolution\osr\osr\generated files\xamlbindinginfo.g.h
e:\git\opensuperresolution\osr\osr\generated files\xamltypeinfo.g.h
e:\git\opensuperresolution\osr\osr\generated files\xamllibmetadataprovider.g.cpp
e:\git\opensuperresolution\osr\osr\generated files\xamltypeinfo.g.cpp
e:\git\opensuperresolution\osr\osr\generated files\xamltypeinfo.impl.g.cpp
e:\git\opensuperresolution\osr\osr\generated files\app.xaml
e:\git\opensuperresolution\osr\osr\generated files\mainpage.xaml
